0 info it worked if it ends with ok
1 verbose cli [ 'C:\\Program Files\\nodejs\\node.exe',
1 verbose cli   'C:\\Program Files\\nodejs\\node_modules\\npm\\bin\\npm-cli.js',
1 verbose cli   'run',
1 verbose cli   'dev' ]
2 info using npm@3.10.10
3 info using node@v6.11.2
4 verbose run-script [ 'predev', 'dev', 'postdev' ]
5 info lifecycle quickstart@1.0.0~predev: quickstart@1.0.0
6 silly lifecycle quickstart@1.0.0~predev: no script for predev, continuing
7 info lifecycle quickstart@1.0.0~dev: quickstart@1.0.0
8 verbose lifecycle quickstart@1.0.0~dev: unsafe-perm in lifecycle true
9 verbose lifecycle quickstart@1.0.0~dev: PATH: C:\Program Files\nodejs\node_modules\npm\bin\node-gyp-bin;C:\Users\hen\Desktop\dating-app-v2.0\server\node_modules\.bin;C:\Program Files\nodejs\node_modules\npm\bin\node-gyp-bin;C:\Users\hen\Desktop\dating-app-v2.0\node_modules\.bin;C:\Program Files\nodejs\node_modules\npm\bin\node-gyp-bin;C:\Users\hen\Desktop\dating-app-v2.0\node_modules\.bin;C:\WINDOWS\system32;C:\WINDOWS;C:\WINDOWS\System32\Wbem;C:\WINDOWS\System32\WindowsPowerShell\v1.0\;C:\Program Files\nodejs\;C:\Program Files\Git\cmd;C:\Program Files\MySQL\MySQL Utilities 1.6\;C:\Users\hen\AppData\Local\Microsoft\WindowsApps;C:\Users\hen\AppData\Roaming\npm;C:\Program Files (x86)\Microsoft VS Code\bin
10 verbose lifecycle quickstart@1.0.0~dev: CWD: C:\Users\hen\Desktop\dating-app-v2.0\server
11 silly lifecycle quickstart@1.0.0~dev: Args: [ '/d /s /c', 'npm-run-all --parallel compile start' ]
12 silly lifecycle quickstart@1.0.0~dev: Returned: code: 1  signal: null
13 info lifecycle quickstart@1.0.0~dev: Failed to exec dev script
14 verbose stack Error: quickstart@1.0.0 dev: `npm-run-all --parallel compile start`
14 verbose stack Exit status 1
14 verbose stack     at EventEmitter.<anonymous> (C:\Program Files\nodejs\node_modules\npm\lib\utils\lifecycle.js:255:16)
14 verbose stack     at emitTwo (events.js:106:13)
14 verbose stack     at EventEmitter.emit (events.js:191:7)
14 verbose stack     at ChildProcess.<anonymous> (C:\Program Files\nodejs\node_modules\npm\lib\utils\spawn.js:40:14)
14 verbose stack     at emitTwo (events.js:106:13)
14 verbose stack     at ChildProcess.emit (events.js:191:7)
14 verbose stack     at maybeClose (internal/child_process.js:891:16)
14 verbose stack     at Process.ChildProcess._handle.onexit (internal/child_process.js:226:5)
15 verbose pkgid quickstart@1.0.0
16 verbose cwd C:\Users\hen\Desktop\dating-app-v2.0\server
17 error Windows_NT 10.0.16299
18 error argv "C:\\Program Files\\nodejs\\node.exe" "C:\\Program Files\\nodejs\\node_modules\\npm\\bin\\npm-cli.js" "run" "dev"
19 error node v6.11.2
20 error npm  v3.10.10
21 error code ELIFECYCLE
22 error quickstart@1.0.0 dev: `npm-run-all --parallel compile start`
22 error Exit status 1
23 error Failed at the quickstart@1.0.0 dev script 'npm-run-all --parallel compile start'.
23 error Make sure you have the latest version of node.js and npm installed.
23 error If you do, this is most likely a problem with the quickstart package,
23 error not with npm itself.
23 error Tell the author that this fails on your system:
23 error     npm-run-all --parallel compile start
23 error You can get information on how to open an issue for this project with:
23 error     npm bugs quickstart
23 error Or if that isn't available, you can get their info via:
23 error     npm owner ls quickstart
23 error There is likely additional logging output above.
24 verbose exit [ 1, true ]
